{"level":"info","message":"newUser Event  Called for Phone Num:1111","timestamp":"11:47:11 AM"}
{"level":"info","message":" Exit newUser Event","timestamp":"11:47:11 AM"}
{"level":"info","message":"User Found For Phone No: 1111","timestamp":"11:47:12 AM"}
{"level":"info","message":"newUser Event  Called for Phone Num:2222","timestamp":"11:47:16 AM"}
{"level":"info","message":" Exit newUser Event","timestamp":"11:47:16 AM"}
{"level":"info","message":"User Found For Phone No: 2222","timestamp":"11:47:16 AM"}
{"level":"info","message":"createRoom Event  Called","timestamp":"11:47:24 AM"}
{"level":"info","message":"newUser Event  Called for Phone Num:1111","timestamp":"11:48:43 AM"}
{"level":"info","message":" Exit newUser Event","timestamp":"11:48:43 AM"}
{"level":"info","message":"User Found For Phone No: 1111","timestamp":"11:48:44 AM"}
{"level":"info","message":"newUser Event  Called for Phone Num:2222","timestamp":"11:48:49 AM"}
{"level":"info","message":" Exit newUser Event","timestamp":"11:48:49 AM"}
{"level":"info","message":"User Found For Phone No: 2222","timestamp":"11:48:50 AM"}
{"level":"info","message":"createRoom Event  Called","timestamp":"11:48:57 AM"}
{"level":"info","message":"newUser Event  Called for Phone Num:1111","timestamp":"12:49:54 PM"}
{"level":"info","message":" Exit newUser Event","timestamp":"12:49:54 PM"}
{"level":"info","message":"User Found For Phone No: 1111","timestamp":"12:49:54 PM"}
{"level":"info","message":"newUser Event  Called for Phone Num:2222","timestamp":"12:49:59 PM"}
{"level":"info","message":" Exit newUser Event","timestamp":"12:49:59 PM"}
{"level":"info","message":"User Found For Phone No: 2222","timestamp":"12:50:00 PM"}
{"level":"info","message":"createRoom Event  Called","timestamp":"12:50:06 PM"}
{"level":"info","message":"ChatController.chkPreviousConversation called  : 2222-1111","timestamp":"12:50:06 PM"}
{"level":"info","message":" Exit ChatController.chkPreviousConversation Method","timestamp":"12:50:06 PM"}
{"level":"info","message":"Room does not exist 11112222","timestamp":"12:50:06 PM"}
{"level":"info","message":" Exit createRoom Event","timestamp":"12:50:06 PM"}
{"level":"info","message":"createRoom Event  Called","timestamp":"12:50:23 PM"}
{"level":"info","message":"ChatController.chkPreviousConversation called  : 2222-1111","timestamp":"12:50:23 PM"}
{"level":"info","message":" Exit ChatController.chkPreviousConversation Method","timestamp":"12:50:23 PM"}
{"level":"info","message":" Exit createRoom Event","timestamp":"12:50:23 PM"}
{"level":"info","message":"newUser Event  Called for Phone Num:2222","timestamp":"12:52:32 PM"}
{"level":"info","message":" Exit newUser Event","timestamp":"12:52:32 PM"}
{"level":"info","message":"User Found For Phone No: 2222","timestamp":"12:52:33 PM"}
{"level":"info","message":"newUser Event  Called for Phone Num:1111","timestamp":"12:52:38 PM"}
{"level":"info","message":" Exit newUser Event","timestamp":"12:52:38 PM"}
{"level":"info","message":"User Found For Phone No: 1111","timestamp":"12:52:38 PM"}
{"level":"info","message":"createRoom Event  Called","timestamp":"12:52:44 PM"}
{"level":"info","message":"ChatController.chkPreviousConversation called  : 2222-1111","timestamp":"12:52:44 PM"}
{"level":"info","message":" Exit ChatController.chkPreviousConversation Method","timestamp":"12:52:44 PM"}
{"level":"info","message":"Room does not exist 11112222","timestamp":"12:52:44 PM"}
{"level":"info","message":" Exit createRoom Event","timestamp":"12:52:44 PM"}
{"level":"info","message":"createRoom Event  Called","timestamp":"12:52:51 PM"}
{"level":"info","message":"ChatController.chkPreviousConversation called  : 1111-2222","timestamp":"12:52:51 PM"}
{"level":"info","message":" Exit ChatController.chkPreviousConversation Method","timestamp":"12:52:51 PM"}
{"level":"info","message":" Exit createRoom Event","timestamp":"12:52:51 PM"}
{"level":"info","message":"newUser Event  Called for Phone Num:1111","timestamp":"12:54:00 PM"}
{"level":"info","message":" Exit newUser Event","timestamp":"12:54:00 PM"}
{"level":"info","message":"User Found For Phone No: 1111","timestamp":"12:54:01 PM"}
{"level":"info","message":"newUser Event  Called for Phone Num:2222","timestamp":"12:54:04 PM"}
{"level":"info","message":" Exit newUser Event","timestamp":"12:54:04 PM"}
{"level":"info","message":"User Found For Phone No: 2222","timestamp":"12:54:04 PM"}
{"level":"info","message":"createRoom Event  Called","timestamp":"12:54:08 PM"}
{"level":"info","message":"ChatController.chkPreviousConversation called  : 1111-2222","timestamp":"12:54:08 PM"}
{"level":"info","message":" Exit ChatController.chkPreviousConversation Method","timestamp":"12:54:08 PM"}
{"level":"info","message":"Room does not exist 22221111","timestamp":"12:54:08 PM"}
{"level":"info","message":" Exit createRoom Event","timestamp":"12:54:08 PM"}
{"level":"info","message":"createRoom Event  Called","timestamp":"12:54:18 PM"}
{"level":"info","message":"ChatController.chkPreviousConversation called  : 2222-1111","timestamp":"12:54:18 PM"}
{"level":"info","message":" Exit ChatController.chkPreviousConversation Method","timestamp":"12:54:18 PM"}
{"level":"info","message":" Exit createRoom Event","timestamp":"12:54:18 PM"}
{"level":"info","message":"newUser Event  Called for Phone Num:1111","timestamp":"12:55:23 PM"}
{"level":"info","message":" Exit newUser Event","timestamp":"12:55:23 PM"}
{"level":"info","message":"User Found For Phone No: 1111","timestamp":"12:55:23 PM"}
{"level":"info","message":"newUser Event  Called for Phone Num:2222","timestamp":"12:55:27 PM"}
{"level":"info","message":" Exit newUser Event","timestamp":"12:55:27 PM"}
{"level":"info","message":"User Found For Phone No: 2222","timestamp":"12:55:28 PM"}
{"level":"info","message":"createRoom Event  Called","timestamp":"12:55:34 PM"}
{"level":"info","message":"ChatController.chkPreviousConversation called  : 2222-1111","timestamp":"12:55:34 PM"}
{"level":"info","message":" Exit ChatController.chkPreviousConversation Method","timestamp":"12:55:34 PM"}
{"level":"info","message":"Room does not exist 11112222","timestamp":"12:55:34 PM"}
{"level":"info","message":" Exit createRoom Event","timestamp":"12:55:34 PM"}
{"level":"info","message":"newUser Event  Called for Phone Num:1111","timestamp":"1:20:51 PM"}
{"level":"info","message":" Exit newUser Event","timestamp":"1:20:51 PM"}
{"level":"info","message":"User Found For Phone No: 1111","timestamp":"1:20:51 PM"}
{"level":"info","message":"newUser Event  Called for Phone Num:2222","timestamp":"1:20:56 PM"}
{"level":"info","message":" Exit newUser Event","timestamp":"1:20:56 PM"}
{"level":"info","message":"User Found For Phone No: 2222","timestamp":"1:20:56 PM"}
{"level":"info","message":"createRoom Event  Called","timestamp":"1:21:06 PM"}
{"level":"info","message":"ChatController.chkPreviousConversation called  : 2222-1111","timestamp":"1:21:06 PM"}
{"level":"info","message":" Exit ChatController.chkPreviousConversation Method","timestamp":"1:21:06 PM"}
{"level":"info","message":"Room does not exist 11112222","timestamp":"1:21:06 PM"}
{"level":"info","message":" Exit createRoom Event","timestamp":"1:21:06 PM"}
{"level":"info","message":"createRoom Event  Called","timestamp":"1:21:27 PM"}
{"level":"info","message":"ChatController.chkPreviousConversation called  : 1111-2222","timestamp":"1:21:27 PM"}
{"level":"info","message":" Exit ChatController.chkPreviousConversation Method","timestamp":"1:21:27 PM"}
{"level":"info","message":" Exit createRoom Event","timestamp":"1:21:27 PM"}
{"level":"info","message":"newUser Event  Called for Phone Num:1111","timestamp":"1:23:12 PM"}
{"level":"info","message":" Exit newUser Event","timestamp":"1:23:12 PM"}
{"level":"info","message":"User Found For Phone No: 1111","timestamp":"1:23:12 PM"}
{"level":"info","message":"newUser Event  Called for Phone Num:2222","timestamp":"1:23:17 PM"}
{"level":"info","message":" Exit newUser Event","timestamp":"1:23:17 PM"}
{"level":"info","message":"User Found For Phone No: 2222","timestamp":"1:23:18 PM"}
{"level":"info","message":"createRoom Event  Called","timestamp":"1:23:32 PM"}
{"level":"info","message":"ChatController.chkPreviousConversation called  : 4444-3333","timestamp":"1:23:32 PM"}
{"level":"info","message":" Exit ChatController.chkPreviousConversation Method","timestamp":"1:23:32 PM"}
{"level":"info","message":"Room does not exist 33334444","timestamp":"1:23:32 PM"}
{"level":"info","message":" Exit createRoom Event","timestamp":"1:23:32 PM"}
{"level":"error","message":"Error Occured while Saving new conversation","timestamp":"1:23:33 PM"}
{"level":"error","message":"Error Occured while Saving new conversation","timestamp":"1:23:37 PM"}
{"level":"info","message":"newUser Event  Called for Phone Num:3333","timestamp":"1:25:37 PM"}
{"level":"info","message":" Exit newUser Event","timestamp":"1:25:37 PM"}
{"level":"info","message":"User Found For Phone No: 3333","timestamp":"1:25:37 PM"}
{"level":"info","message":"createRoom Event  Called","timestamp":"1:25:45 PM"}
{"level":"info","message":"ChatController.chkPreviousConversation called  : 4444-3333","timestamp":"1:25:45 PM"}
{"level":"info","message":" Exit ChatController.chkPreviousConversation Method","timestamp":"1:25:45 PM"}
{"level":"info","message":"Room does not exist 33334444","timestamp":"1:25:45 PM"}
{"level":"info","message":" Exit createRoom Event","timestamp":"1:25:45 PM"}
{"level":"info","message":"newUser Event  Called for Phone Num:3333","timestamp":"1:27:35 PM"}
{"level":"info","message":" Exit newUser Event","timestamp":"1:27:35 PM"}
{"level":"info","message":"User Found For Phone No: 3333","timestamp":"1:27:35 PM"}
{"level":"info","message":"createRoom Event  Called","timestamp":"1:27:41 PM"}
{"level":"info","message":"ChatController.chkPreviousConversation called  : 4444-3333","timestamp":"1:27:41 PM"}
{"level":"info","message":" Exit ChatController.chkPreviousConversation Method","timestamp":"1:27:41 PM"}
{"level":"info","message":"Room does not exist 33334444","timestamp":"1:27:41 PM"}
{"level":"info","message":" Exit createRoom Event","timestamp":"1:27:41 PM"}
{"level":"info","message":"newUser Event  Called for Phone Num:3333","timestamp":"1:32:18 PM"}
{"level":"info","message":" Exit newUser Event","timestamp":"1:32:18 PM"}
{"level":"info","message":"User Found For Phone No: 3333","timestamp":"1:32:18 PM"}
{"level":"info","message":"createRoom Event  Called","timestamp":"1:32:23 PM"}
{"level":"info","message":"ChatController.chkPreviousConversation called  : 4444-3333","timestamp":"1:32:23 PM"}
{"level":"info","message":" Exit ChatController.chkPreviousConversation Method","timestamp":"1:32:23 PM"}
{"level":"info","message":"Room does not exist 33334444","timestamp":"1:32:23 PM"}
{"level":"info","message":" Exit createRoom Event","timestamp":"1:32:23 PM"}
{"level":"info","message":"newUser Event  Called for Phone Num:1111","timestamp":"1:34:06 PM"}
{"level":"info","message":" Exit newUser Event","timestamp":"1:34:06 PM"}
{"level":"info","message":"newUser Event  Called for Phone Num:1111","timestamp":"1:34:09 PM"}
{"level":"info","message":" Exit newUser Event","timestamp":"1:34:09 PM"}
{"level":"info","message":"newUser Event  Called for Phone Num:1111","timestamp":"1:34:10 PM"}
{"level":"info","message":" Exit newUser Event","timestamp":"1:34:10 PM"}
{"level":"info","message":"User Found For Phone No: 1111","timestamp":"1:34:16 PM"}
{"level":"info","message":"User Found For Phone No: 1111","timestamp":"1:34:16 PM"}
{"level":"info","message":"User Found For Phone No: 1111","timestamp":"1:34:18 PM"}
{"level":"info","message":"createRoom Event  Called","timestamp":"1:34:26 PM"}
{"level":"info","message":"ChatController.chkPreviousConversation called  : 4444-3333","timestamp":"1:34:26 PM"}
{"level":"info","message":" Exit ChatController.chkPreviousConversation Method","timestamp":"1:34:26 PM"}
{"level":"info","message":"Room does not exist 33334444","timestamp":"1:34:26 PM"}
{"level":"info","message":" Exit createRoom Event","timestamp":"1:34:26 PM"}
{"level":"info","message":"newUser Event  Called for Phone Num:1111","timestamp":"1:44:58 PM"}
{"level":"info","message":" Exit newUser Event","timestamp":"1:44:58 PM"}
{"level":"info","message":"User Found For Phone No: 1111","timestamp":"1:44:58 PM"}
{"level":"info","message":"createRoom Event  Called","timestamp":"1:45:14 PM"}
{"level":"info","message":"ChatController.chkPreviousConversation called  : 2222-1111","timestamp":"1:45:14 PM"}
{"level":"info","message":" Exit ChatController.chkPreviousConversation Method","timestamp":"1:45:14 PM"}
{"level":"info","message":"Room does not exist 11112222","timestamp":"1:45:14 PM"}
{"level":"info","message":" Exit createRoom Event","timestamp":"1:45:14 PM"}
{"level":"info","message":"newUser Event  Called for Phone Num:1111","timestamp":"3:34:54 PM"}
{"level":"info","message":" Exit newUser Event","timestamp":"3:34:54 PM"}
{"level":"info","message":"User Found For Phone No: 1111","timestamp":"3:34:56 PM"}
{"level":"info","message":"createRoom Event  Called","timestamp":"3:35:04 PM"}
{"level":"info","message":"ChatController.chkPreviousConversation called  : 2222-1111","timestamp":"3:35:04 PM"}
{"level":"info","message":" Exit ChatController.chkPreviousConversation Method","timestamp":"3:35:04 PM"}
{"level":"info","message":"Room does not exist 11112222","timestamp":"3:35:04 PM"}
{"level":"info","message":" Exit createRoom Event","timestamp":"3:35:04 PM"}
{"level":"info","message":"newUser Event  Called for Phone Num:1111","timestamp":"3:36:59 PM"}
{"level":"info","message":" Exit newUser Event","timestamp":"3:36:59 PM"}
{"level":"info","message":"User Found For Phone No: 1111","timestamp":"3:37:00 PM"}
{"level":"info","message":"createRoom Event  Called","timestamp":"3:37:11 PM"}
{"level":"info","message":"ChatController.chkPreviousConversation called  : 2222-1111","timestamp":"3:37:11 PM"}
{"level":"info","message":" Exit ChatController.chkPreviousConversation Method","timestamp":"3:37:11 PM"}
{"level":"info","message":"Room does not exist 11112222","timestamp":"3:37:11 PM"}
{"level":"info","message":" Exit createRoom Event","timestamp":"3:37:11 PM"}
{"level":"info","message":"newUser Event  Called for Phone Num:1111","timestamp":"3:38:36 PM"}
{"level":"info","message":" Exit newUser Event","timestamp":"3:38:36 PM"}
{"level":"info","message":"User Found For Phone No: 1111","timestamp":"3:38:36 PM"}
{"level":"info","message":"createRoom Event  Called","timestamp":"3:38:43 PM"}
{"level":"info","message":"newUser Event  Called for Phone Num:1111","timestamp":"3:39:30 PM"}
{"level":"info","message":" Exit newUser Event","timestamp":"3:39:30 PM"}
{"level":"info","message":"User Found For Phone No: 1111","timestamp":"3:39:31 PM"}
{"level":"info","message":"createRoom Event  Called","timestamp":"3:39:35 PM"}
{"level":"info","message":"ChatController.chkPreviousConversation called  : 2222-1111","timestamp":"3:39:35 PM"}
{"level":"info","message":" Exit ChatController.chkPreviousConversation Method","timestamp":"3:39:35 PM"}
{"level":"info","message":"Room does not exist 11112222","timestamp":"3:39:35 PM"}
{"level":"info","message":" Exit createRoom Event","timestamp":"3:39:35 PM"}
{"level":"info","message":"newUser Event  Called for Phone Num:1111","timestamp":"3:50:57 PM"}
{"level":"info","message":" Exit newUser Event","timestamp":"3:50:57 PM"}
{"level":"info","message":"User Found For Phone No: 1111","timestamp":"3:50:57 PM"}
{"level":"info","message":"createRoom Event  Called","timestamp":"3:51:03 PM"}
{"level":"info","message":"ChatController.chkPreviousConversation called  : 2222-1111","timestamp":"3:51:03 PM"}
{"level":"info","message":" Exit ChatController.chkPreviousConversation Method","timestamp":"3:51:03 PM"}
{"level":"info","message":"Room does not exist 11112222","timestamp":"3:51:03 PM"}
{"level":"info","message":" Exit createRoom Event","timestamp":"3:51:03 PM"}
{"level":"info","message":"newUser Event  Called for Phone Num:1111","timestamp":"3:51:50 PM"}
{"level":"info","message":" Exit newUser Event","timestamp":"3:51:50 PM"}
{"level":"info","message":"User Found For Phone No: 1111","timestamp":"3:51:51 PM"}
{"level":"info","message":"createRoom Event  Called","timestamp":"3:51:55 PM"}
{"level":"info","message":"ChatController.chkPreviousConversation called  : 2222-1111","timestamp":"3:51:55 PM"}
{"level":"info","message":" Exit ChatController.chkPreviousConversation Method","timestamp":"3:51:55 PM"}
{"level":"info","message":"Room does not exist 11112222","timestamp":"3:51:55 PM"}
{"level":"info","message":" Exit createRoom Event","timestamp":"3:51:55 PM"}
{"level":"info","message":"newUser Event  Called for Phone Num:1111","timestamp":"3:53:19 PM"}
{"level":"info","message":" Exit newUser Event","timestamp":"3:53:19 PM"}
{"level":"info","message":"User Found For Phone No: 1111","timestamp":"3:53:19 PM"}
{"level":"info","message":"createRoom Event  Called","timestamp":"3:53:28 PM"}
{"level":"info","message":"ChatController.chkPreviousConversation called  : 2222-1111","timestamp":"3:53:28 PM"}
{"level":"info","message":" Exit ChatController.chkPreviousConversation Method","timestamp":"3:53:28 PM"}
{"level":"info","message":"Room does not exist 11112222","timestamp":"3:53:28 PM"}
{"level":"info","message":" Exit createRoom Event","timestamp":"3:53:28 PM"}
{"level":"info","message":"newUser Event  Called for Phone Num:1111","timestamp":"3:55:10 PM"}
{"level":"info","message":" Exit newUser Event","timestamp":"3:55:10 PM"}
{"level":"info","message":"User Found For Phone No: 1111","timestamp":"3:55:10 PM"}
{"level":"info","message":"createRoom Event  Called","timestamp":"3:55:15 PM"}
{"level":"info","message":"ChatController.chkPreviousConversation called  : 2222-1111","timestamp":"3:55:15 PM"}
{"level":"info","message":" Exit ChatController.chkPreviousConversation Method","timestamp":"3:55:15 PM"}
{"level":"info","message":"Room does not exist 11112222","timestamp":"3:55:15 PM"}
{"level":"info","message":" Exit createRoom Event","timestamp":"3:55:15 PM"}
{"level":"info","message":"newUser Event  Called for Phone Num:3333","timestamp":"3:59:19 PM"}
{"level":"info","message":" Exit newUser Event","timestamp":"3:59:19 PM"}
{"level":"info","message":"User Found For Phone No: 3333","timestamp":"3:59:21 PM"}
{"level":"info","message":"createRoom Event  Called","timestamp":"3:59:29 PM"}
{"level":"info","message":"ChatController.chkPreviousConversation called  : 4444-3333","timestamp":"3:59:29 PM"}
{"level":"info","message":" Exit ChatController.chkPreviousConversation Method","timestamp":"3:59:29 PM"}
{"level":"info","message":"Room does not exist 33334444","timestamp":"3:59:29 PM"}
{"level":"info","message":" Exit createRoom Event","timestamp":"3:59:29 PM"}
{"level":"info","message":"newUser Event  Called for Phone Num:1111","timestamp":"4:13:55 PM"}
{"level":"info","message":" Exit newUser Event","timestamp":"4:13:55 PM"}
{"level":"info","message":"User Found For Phone No: 1111","timestamp":"4:13:55 PM"}
{"level":"info","message":"createRoom Event  Called","timestamp":"4:14:01 PM"}
{"level":"info","message":"ChatController.chkPreviousConversation called  : 2222-1111","timestamp":"4:14:01 PM"}
{"level":"info","message":" Exit ChatController.chkPreviousConversation Method","timestamp":"4:14:01 PM"}
{"level":"info","message":"Room does not exist 11112222","timestamp":"4:14:01 PM"}
{"level":"info","message":" Exit createRoom Event","timestamp":"4:14:01 PM"}
{"level":"info","message":"newUser Event  Called for Phone Num:3333","timestamp":"4:14:17 PM"}
{"level":"info","message":" Exit newUser Event","timestamp":"4:14:17 PM"}
{"level":"info","message":"User Found For Phone No: 3333","timestamp":"4:14:18 PM"}
{"level":"info","message":"createRoom Event  Called","timestamp":"4:14:25 PM"}
{"level":"info","message":"ChatController.chkPreviousConversation called  : 4444-3333","timestamp":"4:14:25 PM"}
{"level":"info","message":" Exit ChatController.chkPreviousConversation Method","timestamp":"4:14:25 PM"}
{"level":"info","message":"Room does not exist 33334444","timestamp":"4:14:25 PM"}
{"level":"info","message":" Exit createRoom Event","timestamp":"4:14:25 PM"}
{"level":"info","message":"newUser Event  Called for Phone Num:3333","timestamp":"4:15:27 PM"}
{"level":"info","message":" Exit newUser Event","timestamp":"4:15:27 PM"}
{"level":"info","message":"User Found For Phone No: 3333","timestamp":"4:15:27 PM"}
{"level":"info","message":"createRoom Event  Called","timestamp":"4:15:33 PM"}
{"level":"info","message":"ChatController.chkPreviousConversation called  : 3333-4444","timestamp":"4:15:33 PM"}
{"level":"info","message":" Exit ChatController.chkPreviousConversation Method","timestamp":"4:15:33 PM"}
{"level":"info","message":"Room does not exist 44443333","timestamp":"4:15:33 PM"}
{"level":"info","message":" Exit createRoom Event","timestamp":"4:15:33 PM"}
{"level":"info","message":"newUser Event  Called for Phone Num:4444","timestamp":"4:19:38 PM"}
{"level":"info","message":" Exit newUser Event","timestamp":"4:19:38 PM"}
{"level":"info","message":"User Found For Phone No: 4444","timestamp":"4:19:38 PM"}
{"level":"info","message":"createRoom Event  Called","timestamp":"4:19:45 PM"}
{"level":"info","message":"newUser Event  Called for Phone Num:3333","timestamp":"4:20:44 PM"}
{"level":"info","message":" Exit newUser Event","timestamp":"4:20:44 PM"}
{"level":"info","message":"User Found For Phone No: 3333","timestamp":"4:20:45 PM"}
{"level":"info","message":"createRoom Event  Called","timestamp":"4:20:51 PM"}
{"level":"info","message":"ChatController.chkPreviousConversation called  : 4444-3333","timestamp":"4:20:51 PM"}
{"level":"info","message":" Exit ChatController.chkPreviousConversation Method","timestamp":"4:20:51 PM"}
{"level":"info","message":"Room does not exist 33334444","timestamp":"4:20:51 PM"}
{"level":"info","message":" Exit createRoom Event","timestamp":"4:20:51 PM"}
{"level":"info","message":"newUser Event  Called for Phone Num:1111","timestamp":"4:29:11 PM"}
{"level":"info","message":" Exit newUser Event","timestamp":"4:29:11 PM"}
{"level":"info","message":"User Found For Phone No: 1111","timestamp":"4:29:11 PM"}
{"level":"info","message":"createRoom Event  Called","timestamp":"4:29:17 PM"}
{"level":"info","message":"ChatController.chkPreviousConversation called  : 4444-3333","timestamp":"4:29:17 PM"}
{"level":"info","message":" Exit ChatController.chkPreviousConversation Method","timestamp":"4:29:17 PM"}
{"level":"info","message":"Room does not exist 33334444","timestamp":"4:29:17 PM"}
{"level":"info","message":" Exit createRoom Event","timestamp":"4:29:17 PM"}
{"level":"info","message":"newUser Event  Called for Phone Num:1111","timestamp":"4:31:37 PM"}
{"level":"info","message":" Exit newUser Event","timestamp":"4:31:37 PM"}
{"level":"info","message":"User Found For Phone No: 1111","timestamp":"4:31:37 PM"}
{"level":"info","message":"createRoom Event  Called","timestamp":"4:31:44 PM"}
{"level":"info","message":"ChatController.chkPreviousConversation called  : 4444-3333","timestamp":"4:31:44 PM"}
{"level":"info","message":" Exit ChatController.chkPreviousConversation Method","timestamp":"4:31:44 PM"}
{"level":"info","message":"Room does not exist 33334444","timestamp":"4:31:44 PM"}
{"level":"info","message":" Exit createRoom Event","timestamp":"4:31:44 PM"}
