{"level":"info","message":"Photo Is uploaded","timestamp":"14:31:45"}
{"level":"info","message":"RegistrationController.updateProfilePhoto called for user  :+923345022570","timestamp":"14:31:45"}
{"level":"info","message":"UserExists Method Called","timestamp":"14:31:45"}
{"level":"info","message":" Exit UserExists Method","timestamp":"14:31:45"}
{"level":"info","message":" Exit RegistrationController.updateProfilePhoto Method","timestamp":"14:31:45"}
{"level":"info","message":"User Found with Phone Num. :+923345022570","timestamp":"14:31:45"}
{"level":"info","message":"User Profile Photo updated With Phone Num +923345022570","timestamp":"14:31:46"}
{"level":"info","message":"data received after updating profile picture","timestamp":"14:31:46"}
{"level":"info","message":"RegistrationController.updateName called for user  :+923345022570","timestamp":"14:31:46"}
{"level":"info","message":"UserExists Method Called","timestamp":"14:31:46"}
{"level":"info","message":" Exit UserExists Method","timestamp":"14:31:46"}
{"level":"info","message":" Exit RegistrationController.updateName Method","timestamp":"14:31:46"}
{"level":"info","message":"User Found with Phone Num. :+923345022570","timestamp":"14:31:46"}
{"level":"info","message":"User Name updated With Phone Num +923345022570","timestamp":"14:31:46"}
{"level":"info","message":"data received after updating profile picture","timestamp":"14:31:46"}
{"level":"info","message":"Photo Is uploaded","timestamp":"14:32:20"}
{"level":"info","message":"RegistrationController.updateProfilePhoto called for user  :+923345022570","timestamp":"14:32:20"}
{"level":"info","message":"UserExists Method Called","timestamp":"14:32:20"}
{"level":"info","message":" Exit UserExists Method","timestamp":"14:32:20"}
{"level":"info","message":" Exit RegistrationController.updateProfilePhoto Method","timestamp":"14:32:20"}
{"level":"info","message":"User Found with Phone Num. :+923345022570","timestamp":"14:32:20"}
{"level":"info","message":"User Profile Photo updated With Phone Num +923345022570","timestamp":"14:32:21"}
{"level":"info","message":"data received after updating profile picture","timestamp":"14:32:21"}
{"level":"info","message":"RegistrationController.updateName called for user  :+923345022570","timestamp":"14:32:21"}
{"level":"info","message":"UserExists Method Called","timestamp":"14:32:21"}
{"level":"info","message":" Exit UserExists Method","timestamp":"14:32:21"}
{"level":"info","message":" Exit RegistrationController.updateName Method","timestamp":"14:32:21"}
{"level":"info","message":"User Found with Phone Num. :+923345022570","timestamp":"14:32:21"}
{"level":"info","message":"User Name updated With Phone Num +923345022570","timestamp":"14:32:22"}
{"level":"info","message":"data received after updating profile picture","timestamp":"14:32:22"}
{"level":"info","message":"Photo Is uploaded","timestamp":"14:33:12"}
{"level":"info","message":"RegistrationController.updateProfilePhoto called for user  :+923345022570","timestamp":"14:33:12"}
{"level":"info","message":"UserExists Method Called","timestamp":"14:33:12"}
{"level":"info","message":" Exit UserExists Method","timestamp":"14:33:12"}
{"level":"info","message":" Exit RegistrationController.updateProfilePhoto Method","timestamp":"14:33:12"}
{"level":"info","message":"User Found with Phone Num. :+923345022570","timestamp":"14:33:13"}
{"level":"info","message":"User Profile Photo updated With Phone Num +923345022570","timestamp":"14:33:13"}
{"level":"info","message":"Photo Is uploaded","timestamp":"14:33:39"}
{"level":"info","message":"RegistrationController.updateName called for user  :+923345022570","timestamp":"14:33:39"}
{"level":"info","message":"UserExists Method Called","timestamp":"14:33:39"}
{"level":"info","message":" Exit UserExists Method","timestamp":"14:33:39"}
{"level":"info","message":" Exit RegistrationController.updateName Method","timestamp":"14:33:39"}
{"level":"info","message":"User Found with Phone Num. :+923345022570","timestamp":"14:33:40"}
{"level":"info","message":"User Name updated With Phone Num +923345022570","timestamp":"14:33:40"}
{"level":"info","message":"Photo Is uploaded","timestamp":"14:33:58"}
{"level":"info","message":"RegistrationController.updateProfilePhoto called for user  :+923345022570","timestamp":"14:33:58"}
{"level":"info","message":"UserExists Method Called","timestamp":"14:33:58"}
{"level":"info","message":" Exit UserExists Method","timestamp":"14:33:58"}
{"level":"info","message":" Exit RegistrationController.updateProfilePhoto Method","timestamp":"14:33:58"}
{"level":"info","message":"User Found with Phone Num. :+923345022570","timestamp":"14:33:58"}
{"level":"info","message":"User Profile Photo updated With Phone Num +923345022570","timestamp":"14:33:59"}
